<?xml version="1.0" encoding="UTF-8"?>
<!-- Generated by org.testng.reporters.JUnitReportReporter -->
<testsuite hostname="Aney" failures="0" tests="1" name="ResponseBodyValdation.DynamicResponseValidation" time="2.773" errors="0" timestamp="2023-05-22T16:04:43 IST" skipped="0">
  <testcase classname="ResponseBodyValdation.DynamicResponseValidation" name="dynamicRespVali" time="2.773"/>
  <system-out/>
</testsuite> <!-- ResponseBodyValdation.DynamicResponseValidation -->
