<?xml version="1.0" encoding="UTF-8"?>
<!-- Generated by org.testng.reporters.JUnitReportReporter -->
<testsuite hostname="Aney" failures="0" tests="1" name="CRUDWithoutBDD.CreateProject" time="2.476" errors="0" timestamp="2023-05-09T10:00:57 IST" skipped="0">
  <testcase classname="CRUDWithoutBDD.CreateProject" name="createProj" time="2.476"/>
  <system-out/>
</testsuite> <!-- CRUDWithoutBDD.CreateProject -->
