<?xml version="1.0" encoding="UTF-8"?>
<!-- Generated by org.testng.reporters.JUnitReportReporter -->
<testsuite hostname="Aney" failures="0" tests="1" name="SerializationAndDeserialization.EmployeeSerialization" time="0.310" errors="0" timestamp="2023-05-05T11:49:45 IST" skipped="0">
  <testcase classname="SerializationAndDeserialization.EmployeeSerialization" name="employSeri" time="0.310"/>
  <system-out/>
</testsuite> <!-- SerializationAndDeserialization.EmployeeSerialization -->
