<?xml version="1.0" encoding="UTF-8"?>
<!-- Generated by org.testng.reporters.JUnitReportReporter -->
<testsuite hostname="Aney" failures="0" tests="1" name="_4WaysToPostRequest.PostWithJSONFile" time="2.147" errors="0" timestamp="2023-05-09T12:06:45 IST" skipped="0">
  <testcase classname="_4WaysToPostRequest.PostWithJSONFile" name="createProj" time="2.147"/>
  <system-out/>
</testsuite> <!-- _4WaysToPostRequest.PostWithJSONFile -->
