<?xml version="1.0" encoding="UTF-8"?>
<!-- Generated by org.testng.reporters.JUnitReportReporter -->
<testsuite hostname="Aney" failures="0" tests="1" name="Shoppers.ShoppersPost" time="4.007" errors="0" timestamp="2023-05-24T16:06:41 IST" skipped="0">
  <testcase classname="Shoppers.ShoppersPost" name="RegisterShopper" time="4.007"/>
  <system-out/>
</testsuite> <!-- Shoppers.ShoppersPost -->
