<?xml version="1.0" encoding="UTF-8"?>
<!-- Generated by org.testng.reporters.JUnitReportReporter -->
<testsuite hostname="Aney" failures="0" tests="1" name="zmiscellaneousTopics.CreateProjectAndVerifyInDataBase" time="8.451" errors="0" timestamp="2023-05-16T10:02:46 IST" skipped="0">
  <testcase classname="zmiscellaneousTopics.CreateProjectAndVerifyInDataBase" name="createProj" time="8.451"/>
  <system-out/>
</testsuite> <!-- zmiscellaneousTopics.CreateProjectAndVerifyInDataBase -->
