<?xml version="1.0" encoding="UTF-8"?>
<!-- Generated by org.testng.reporters.JUnitReportReporter -->
<testsuite hostname="Aney" failures="0" tests="1" name="SerializationAndDeserialization.EmployeeDeserialization" time="0.248" errors="0" timestamp="2023-05-07T15:40:32 IST" skipped="0">
  <testcase classname="SerializationAndDeserialization.EmployeeDeserialization" name="employDeserial" time="0.248"/>
  <system-out/>
</testsuite> <!-- SerializationAndDeserialization.EmployeeDeserialization -->
