<?xml version="1.0" encoding="UTF-8"?>
<!-- Generated by org.testng.reporters.JUnitReportReporter -->
<testsuite hostname="Aney" failures="0" tests="1" name="parametersInREST.QueryParameter" time="2.492" errors="0" timestamp="2023-05-11T10:55:24 IST" skipped="0">
  <testcase classname="parametersInREST.QueryParameter" name="getQueryParam" time="2.492"/>
  <system-out/>
</testsuite> <!-- parametersInREST.QueryParameter -->
