<?xml version="1.0" encoding="UTF-8"?>
<!-- Generated by org.testng.reporters.JUnitReportReporter -->
<testsuite hostname="Aney" failures="0" tests="1" name="SerializationAndDeserialization.DeSerializationWithObjectArraySpouse" time="0.250" errors="0" timestamp="2023-05-07T15:57:10 IST" skipped="0">
  <testcase classname="SerializationAndDeserialization.DeSerializationWithObjectArraySpouse" name="employDeserial" time="0.250"/>
  <system-out/>
</testsuite> <!-- SerializationAndDeserialization.DeSerializationWithObjectArraySpouse -->
