<?xml version="1.0" encoding="UTF-8"?>
<!-- Generated by org.testng.reporters.JUnitReportReporter -->
<testsuite hostname="Aney" failures="0" tests="1" name="CrudWithBDD.GetSingProjectBDD" time="2.166" errors="0" timestamp="2023-05-08T14:46:34 IST" skipped="0">
  <testcase classname="CrudWithBDD.GetSingProjectBDD" name="getProj" time="2.166"/>
  <system-out/>
</testsuite> <!-- CrudWithBDD.GetSingProjectBDD -->
