<?xml version="1.0" encoding="UTF-8"?>
<!-- Generated by org.testng.reporters.JUnitReportReporter -->
<testsuite hostname="Aney" failures="0" tests="1" name="authentication.BasicAuth" time="1.624" errors="0" timestamp="2023-05-12T10:49:49 IST" skipped="0">
  <testcase classname="authentication.BasicAuth" name="basicAuth" time="1.624"/>
  <system-out/>
</testsuite> <!-- authentication.BasicAuth -->
