<?xml version="1.0" encoding="UTF-8"?>
<!-- Generated by org.testng.reporters.JUnitReportReporter -->
<testsuite hostname="Aney" failures="0" tests="1" name="mock.DynamicValid" time="2.760" errors="0" timestamp="2023-05-23T16:51:31 IST" skipped="0">
  <testcase classname="mock.DynamicValid" name="dynamicVali" time="2.760"/>
  <system-out/>
</testsuite> <!-- mock.DynamicValid -->
