<?xml version="1.0" encoding="UTF-8"?>
<!-- Generated by org.testng.reporters.JUnitReportReporter -->
<testsuite hostname="Aney" failures="0" tests="1" name="Shoppers._1ShopperUserLogin" time="2.837" errors="0" timestamp="2023-05-24T17:22:17 IST" skipped="0">
  <testcase classname="Shoppers._1ShopperUserLogin" name="RegisterShopper" time="2.837"/>
  <system-out/>
</testsuite> <!-- Shoppers._1ShopperUserLogin -->
