<?xml version="1.0" encoding="UTF-8"?>
<!-- Generated by org.testng.reporters.JUnitReportReporter -->
<testsuite hostname="Aney" failures="0" tests="1" name="authentication.BearerToken" time="3.453" errors="0" timestamp="2023-05-12T11:19:39 IST" skipped="0">
  <testcase classname="authentication.BearerToken" name="bearerToken" time="3.453"/>
  <system-out/>
</testsuite> <!-- authentication.BearerToken -->
