<?xml version="1.0" encoding="UTF-8"?>
<!-- Generated by org.testng.reporters.JUnitReportReporter -->
<testsuite hostname="Aney" failures="0" tests="1" name="SerializationAndDeserialization.DeserializationInArray" time="0.213" errors="0" timestamp="2023-05-07T15:49:58 IST" skipped="0">
  <testcase classname="SerializationAndDeserialization.DeserializationInArray" name="empDeserial" time="0.213"/>
  <system-out/>
</testsuite> <!-- SerializationAndDeserialization.DeserializationInArray -->
