<?xml version="1.0" encoding="UTF-8"?>
<!-- Generated by org.testng.reporters.JUnitReportReporter -->
<testsuite hostname="Aney" failures="0" tests="1" name="CRUDWithoutBDD.getSingleProject" time="2.167" errors="0" timestamp="2023-05-08T12:32:49 IST" skipped="0">
  <testcase classname="CRUDWithoutBDD.getSingleProject" name="getProj" time="2.167"/>
  <system-out/>
</testsuite> <!-- CRUDWithoutBDD.getSingleProject -->
