<?xml version="1.0" encoding="UTF-8"?>
<!-- Generated by org.testng.reporters.JUnitReportReporter -->
<testsuite hostname="Aney" failures="0" tests="3" name="dataProviderInRest.CreateMultipleProjectWithDiffData" time="2.817" errors="0" timestamp="2023-05-11T16:14:47 IST" skipped="0">
  <testcase classname="dataProviderInRest.CreateMultipleProjectWithDiffData" name="createProject" time="0.104"/>
  <system-out/>
  <testcase classname="dataProviderInRest.CreateMultipleProjectWithDiffData" name="createProject" time="2.629"/>
  <system-out/>
  <testcase classname="dataProviderInRest.CreateMultipleProjectWithDiffData" name="createProject" time="0.084"/>
  <system-out/>
</testsuite> <!-- dataProviderInRest.CreateMultipleProjectWithDiffData -->
