<?xml version="1.0" encoding="UTF-8"?>
<!-- Generated by org.testng.reporters.JUnitReportReporter -->
<testsuite hostname="Aney" failures="0" tests="1" name="SerializationAndDeserialization.SerializationWithObjectSpouse" time="0.249" errors="0" timestamp="2023-07-03T06:59:29 IST" skipped="0">
  <testcase classname="SerializationAndDeserialization.SerializationWithObjectSpouse" name="employSerial" time="0.249"/>
  <system-out/>
</testsuite> <!-- SerializationAndDeserialization.SerializationWithObjectSpouse -->
