<?xml version="1.0" encoding="UTF-8"?>
<!-- Generated by org.testng.reporters.JUnitReportReporter -->
<testsuite hostname="Aney" failures="0" tests="1" name="SerializationAndDeserialization.EmployeeDeserialization" time="0.272" errors="0" timestamp="2023-05-09T12:49:49 IST" skipped="0">
  <testcase classname="SerializationAndDeserialization.EmployeeDeserialization" name="employDeserial" time="0.272"/>
  <system-out/>
</testsuite> <!-- SerializationAndDeserialization.EmployeeDeserialization -->
