<?xml version="1.0" encoding="UTF-8"?>
<!-- Generated by org.testng.reporters.JUnitReportReporter -->
<testsuite hostname="Aney" failures="0" tests="1" name="requestChainingPackage.ReqestChaining" time="3.241" errors="0" timestamp="2023-05-11T12:45:06 IST" skipped="0">
  <testcase classname="requestChainingPackage.ReqestChaining" name="reqchaining" time="3.241"/>
  <system-out/>
</testsuite> <!-- requestChainingPackage.ReqestChaining -->
