<?xml version="1.0" encoding="UTF-8"?>
<!-- Generated by org.testng.reporters.JUnitReportReporter -->
<testsuite hostname="Aney" failures="0" tests="1" name="authentication.Auth2point0" time="4.188" errors="0" timestamp="2023-05-12T13:22:31 IST" skipped="0">
  <testcase classname="authentication.Auth2point0" name="auth2_0" time="4.188"/>
  <system-out/>
</testsuite> <!-- authentication.Auth2point0 -->
