<?xml version="1.0" encoding="UTF-8"?>
<!-- Generated by org.testng.reporters.JUnitReportReporter -->
<testsuite hostname="Aney" failures="0" tests="1" name="CrudWithBDD.DeleteProjectBDD" time="2.191" errors="0" timestamp="2023-05-08T14:58:02 IST" skipped="0">
  <testcase classname="CrudWithBDD.DeleteProjectBDD" name="getProj" time="2.191"/>
  <system-out/>
</testsuite> <!-- CrudWithBDD.DeleteProjectBDD -->
