<?xml version="1.0" encoding="UTF-8"?>
<!-- Generated by org.testng.reporters.JUnitReportReporter -->
<testsuite hostname="Aney" failures="0" tests="2" name="mock.dataDriven" time="2.556" errors="0" timestamp="2023-05-23T13:18:09 IST" skipped="0">
  <testcase classname="mock.dataDriven" name="ddt" time="2.432"/>
  <system-out/>
  <testcase classname="mock.dataDriven" name="ddt" time="0.124"/>
  <system-out/>
</testsuite> <!-- mock.dataDriven -->
