<?xml version="1.0" encoding="UTF-8"?>
<!-- Generated by org.testng.reporters.JUnitReportReporter -->
<testsuite hostname="Aney" failures="0" tests="1" name="CRUDWithoutBDD.GetAllProject" time="1.474" errors="0" timestamp="2023-05-11T14:59:01 IST" skipped="0">
  <testcase classname="CRUDWithoutBDD.GetAllProject" name="getProj" time="1.474"/>
  <system-out/>
</testsuite> <!-- CRUDWithoutBDD.GetAllProject -->
