<?xml version="1.0" encoding="UTF-8"?>
<!-- Generated by org.testng.reporters.JUnitReportReporter -->
<testsuite hostname="Aney" failures="0" tests="1" name="parametersInREST.PathParameterUpdate" time="2.555" errors="0" timestamp="2023-05-11T11:55:35 IST" skipped="0">
  <testcase classname="parametersInREST.PathParameterUpdate" name="updateProj" time="2.555"/>
  <system-out/>
</testsuite> <!-- parametersInREST.PathParameterUpdate -->
