<?xml version="1.0" encoding="UTF-8"?>
<!-- Generated by org.testng.reporters.JUnitReportReporter -->
<testsuite hostname="Aney" failures="0" tests="1" name="SerializationAndDeserialization.SerializationWithArray" time="0.174" errors="0" timestamp="2023-05-07T15:44:54 IST" skipped="0">
  <testcase classname="SerializationAndDeserialization.SerializationWithArray" name="employSerial" time="0.174"/>
  <system-out/>
</testsuite> <!-- SerializationAndDeserialization.SerializationWithArray -->
