<?xml version="1.0" encoding="UTF-8"?>
<!-- Generated by org.testng.reporters.JUnitReportReporter -->
<testsuite hostname="Aney" failures="0" tests="1" name="SerializationAndDeserialization.DeSerializationWithObjectArraySpouse" time="0.333" errors="0" timestamp="2023-07-03T07:09:58 IST" skipped="0">
  <testcase classname="SerializationAndDeserialization.DeSerializationWithObjectArraySpouse" name="employDeserial" time="0.333"/>
  <system-out/>
</testsuite> <!-- SerializationAndDeserialization.DeSerializationWithObjectArraySpouse -->
