<?xml version="1.0" encoding="UTF-8"?>
<!-- Generated by org.testng.reporters.JUnitReportReporter -->
<testsuite hostname="Aney" failures="0" tests="1" name="parametersInREST.PathParameter4Delete" time="1.402" errors="0" timestamp="2023-05-11T10:45:46 IST" skipped="0">
  <testcase classname="parametersInREST.PathParameter4Delete" name="pathParamDel" time="1.402"/>
  <system-out/>
</testsuite> <!-- parametersInREST.PathParameter4Delete -->
