<?xml version="1.0" encoding="UTF-8"?>
<!-- Generated by org.testng.reporters.JUnitReportReporter -->
<testsuite hostname="Aney" failures="0" tests="1" name="CRUDWithoutBDD.UpdateProject" time="2.578" errors="0" timestamp="2023-05-08T12:20:15 IST" skipped="0">
  <testcase classname="CRUDWithoutBDD.UpdateProject" name="updateProj" time="2.578"/>
  <system-out/>
</testsuite> <!-- CRUDWithoutBDD.UpdateProject -->
