<?xml version="1.0" encoding="UTF-8"?>
<!-- Generated by org.testng.reporters.JUnitReportReporter -->
<testsuite hostname="Aney" failures="0" tests="1" name="_4WaysToPostRequest.PostWithPojoClass" time="1.744" errors="0" timestamp="2023-05-11T15:11:54 IST" skipped="0">
  <testcase classname="_4WaysToPostRequest.PostWithPojoClass" name="createProj" time="1.744"/>
  <system-out/>
</testsuite> <!-- _4WaysToPostRequest.PostWithPojoClass -->
