<?xml version="1.0" encoding="UTF-8"?>
<!-- Generated by org.testng.reporters.JUnitReportReporter -->
<testsuite hostname="Aney" failures="0" tests="1" name="parametersInREST.PathParameterForGet" time="1.425" errors="0" timestamp="2023-05-11T10:42:56 IST" skipped="0">
  <testcase classname="parametersInREST.PathParameterForGet" name="getPathParam" time="1.425"/>
  <system-out/>
</testsuite> <!-- parametersInREST.PathParameterForGet -->
