<?xml version="1.0" encoding="UTF-8"?>
<!-- Generated by org.testng.reporters.JUnitReportReporter -->
<testsuite hostname="Aney" failures="0" tests="1" name="SerializationAndDeserialization.SerializationWithObjectSpouse" time="0.290" errors="0" timestamp="2023-05-05T13:00:38 IST" skipped="0">
  <testcase classname="SerializationAndDeserialization.SerializationWithObjectSpouse" name="employSerial" time="0.290"/>
  <system-out/>
</testsuite> <!-- SerializationAndDeserialization.SerializationWithObjectSpouse -->
