<?xml version="1.0" encoding="UTF-8"?>
<!-- Generated by org.testng.reporters.JUnitReportReporter -->
<testsuite hostname="Aney" failures="0" tests="1" name="newAPI.MarshellingNUnmarshelling" time="0.266" errors="0" timestamp="2023-07-03T06:35:26 IST" skipped="0">
  <testcase classname="newAPI.MarshellingNUnmarshelling" name="employUnMarshelling" time="0.266"/>
  <system-out/>
</testsuite> <!-- newAPI.MarshellingNUnmarshelling -->
