<?xml version="1.0" encoding="UTF-8"?>
<!-- Generated by org.testng.reporters.JUnitReportReporter -->
<testsuite hostname="Aney" failures="0" tests="1" name="CrudWithBDD.CreateProjectBDD" time="2.701" errors="0" timestamp="2023-05-09T15:24:28 IST" skipped="0">
  <testcase classname="CrudWithBDD.CreateProjectBDD" name="createProj" time="2.701"/>
  <system-out/>
</testsuite> <!-- CrudWithBDD.CreateProjectBDD -->
