<?xml version="1.0" encoding="UTF-8"?>
<!-- Generated by org.testng.reporters.JUnitReportReporter -->
<testsuite hostname="Aney" failures="0" tests="1" name="zmiscellaneousTopics.frameworkEndToEndScenario" time="2.063" errors="0" timestamp="2023-05-15T16:24:43 IST" skipped="0">
  <testcase classname="zmiscellaneousTopics.frameworkEndToEndScenario" name="createProj" time="2.063"/>
  <system-out/>
</testsuite> <!-- zmiscellaneousTopics.frameworkEndToEndScenario -->
