<?xml version="1.0" encoding="UTF-8"?>
<!-- Generated by org.testng.reporters.JUnitReportReporter -->
<testsuite hostname="Aney" failures="0" tests="1" name="ResponseBodyValdation.dynamic" time="2.942" errors="0" timestamp="2023-05-22T16:04:08 IST" skipped="0">
  <testcase classname="ResponseBodyValdation.dynamic" name="dynamicvali" time="2.942"/>
  <system-out/>
</testsuite> <!-- ResponseBodyValdation.dynamic -->
