<?xml version="1.0" encoding="UTF-8"?>
<!-- Generated by org.testng.reporters.JUnitReportReporter -->
<testsuite hostname="Aney" failures="0" tests="1" name="CRUDWithoutBDD.GetProjectWithIbuildMethodbaseUri" time="2.091" errors="0" timestamp="2023-05-08T13:08:15 IST" skipped="0">
  <testcase classname="CRUDWithoutBDD.GetProjectWithIbuildMethodbaseUri" name="getProj" time="2.091"/>
  <system-out/>
</testsuite> <!-- CRUDWithoutBDD.GetProjectWithIbuildMethodbaseUri -->
