<?xml version="1.0" encoding="UTF-8"?>
<!-- Generated by org.testng.reporters.JUnitReportReporter -->
<testsuite hostname="Aney" failures="0" tests="1" name="mock.requestChainingEX" time="3.252" errors="0" timestamp="2023-05-23T12:53:41 IST" skipped="0">
  <testcase classname="mock.requestChainingEX" name="reqChaining" time="3.252"/>
  <system-out/>
</testsuite> <!-- mock.requestChainingEX -->
