<?xml version="1.0" encoding="UTF-8"?>
<!-- Generated by org.testng.reporters.JUnitReportReporter -->
<testsuite hostname="Aney" failures="0" tests="1" name="authentication.DigestiveAuth" time="1.563" errors="0" timestamp="2023-05-12T10:54:04 IST" skipped="0">
  <testcase classname="authentication.DigestiveAuth" name="digestiveAuth" time="1.563"/>
  <system-out/>
</testsuite> <!-- authentication.DigestiveAuth -->
