<?xml version="1.0" encoding="UTF-8"?>
<!-- Generated by org.testng.reporters.JUnitReportReporter -->
<testsuite hostname="Aney" failures="0" tests="1" name="authentication.PreemtiveAuth" time="1.547" errors="0" timestamp="2023-05-12T10:57:19 IST" skipped="0">
  <testcase classname="authentication.PreemtiveAuth" name="preemtiveAuth" time="1.547"/>
  <system-out/>
</testsuite> <!-- authentication.PreemtiveAuth -->
