<?xml version="1.0" encoding="UTF-8"?>
<!-- Generated by org.testng.reporters.JUnitReportReporter -->
<testsuite hostname="Aney" failures="0" tests="1" name="ResponseBodyValdation.StaticResponseValidation" time="3.174" errors="0" timestamp="2023-05-09T15:32:23 IST" skipped="0">
  <testcase classname="ResponseBodyValdation.StaticResponseValidation" name="staticRespVali" time="3.174"/>
  <system-out/>
</testsuite> <!-- ResponseBodyValdation.StaticResponseValidation -->
