<?xml version="1.0" encoding="UTF-8"?>
<!-- Generated by org.testng.reporters.JUnitReportReporter -->
<testsuite hostname="Aney" failures="0" tests="1" name="CRUDWithoutBDD.GetProject" time="2.082" errors="0" timestamp="2023-05-08T11:29:52 IST" skipped="0">
  <testcase classname="CRUDWithoutBDD.GetProject" name="getProj" time="2.082"/>
  <system-out/>
</testsuite> <!-- CRUDWithoutBDD.GetProject -->
