<?xml version="1.0" encoding="UTF-8"?>
<!-- Generated by org.testng.reporters.JUnitReportReporter -->
<testsuite hostname="Aney" failures="0" tests="1" name="CRUDWithoutBDD.getSingleProject" time="1.936" errors="0" timestamp="2023-05-15T10:41:07 IST" skipped="0">
  <testcase classname="CRUDWithoutBDD.getSingleProject" name="getProj" time="1.936"/>
  <system-out/>
</testsuite> <!-- CRUDWithoutBDD.getSingleProject -->
